<?xml version="1.0" encoding="UTF-8"?>
<testng-results ignored="0" total="2" passed="2" failed="0" skipped="0">
  <reporter-output>
  </reporter-output>
  <suite started-at="2023-02-06T11:44:20 IST" name="Default suite" finished-at="2023-02-06T11:44:41 IST" duration-ms="20627">
    <groups>
    </groups>
    <test started-at="2023-02-06T11:44:20 IST" name="Default test" finished-at="2023-02-06T11:44:41 IST" duration-ms="20627">
      <class name="testNg.OrangeHRM">
        <test-method signature="TestLaunchURL()[pri:0, instance:testNg.OrangeHRM@2c35e847]" started-at="2023-02-06T11:44:20 IST" name="TestLaunchURL" finished-at="2023-02-06T11:44:31 IST" duration-ms="10469" status="PASS">
          <reporter-output>
          </reporter-output>
        </test-method> <!-- TestLaunchURL -->
        <test-method signature="TestMyinfo()[pri:0, instance:testNg.OrangeHRM@2c35e847]" started-at="2023-02-06T11:44:31 IST" name="TestMyinfo" finished-at="2023-02-06T11:44:41 IST" duration-ms="10096" status="PASS">
          <reporter-output>
          </reporter-output>
        </test-method> <!-- TestMyinfo -->
      </class> <!-- testNg.OrangeHRM -->
    </test> <!-- Default test -->
  </suite> <!-- Default suite -->
</testng-results>
